c:\users\vango\source\repos\library_system\library_system\x64\debug\vc143.pdb
c:\users\vango\source\repos\library_system\library_system\x64\debug\vc143.idb
c:\users\vango\source\repos\library_system\library_system\x64\debug\main.obj
c:\users\vango\source\repos\library_system\library_system\x64\debug\usermenu.obj
c:\users\vango\source\repos\library_system\library_system\x64\debug\sortbook.obj
c:\users\vango\source\repos\library_system\library_system\x64\debug\savebook.obj
c:\users\vango\source\repos\library_system\library_system\x64\debug\printbook.obj
c:\users\vango\source\repos\library_system\library_system\x64\debug\modifyremainder.obj
c:\users\vango\source\repos\library_system\library_system\x64\debug\modifybook.obj
c:\users\vango\source\repos\library_system\library_system\x64\debug\mainmenu.obj
c:\users\vango\source\repos\library_system\library_system\x64\debug\login.obj
c:\users\vango\source\repos\library_system\library_system\x64\debug\loadbook.obj
c:\users\vango\source\repos\library_system\library_system\x64\debug\loadadmin.obj
c:\users\vango\source\repos\library_system\library_system\x64\debug\inputbook.obj
c:\users\vango\source\repos\library_system\library_system\x64\debug\findbook.obj
c:\users\vango\source\repos\library_system\library_system\x64\debug\delbook.obj
c:\users\vango\source\repos\library_system\library_system\x64\debug\createadmin.obj
c:\users\vango\source\repos\library_system\library_system\x64\debug\adminmenu.obj
c:\users\vango\source\repos\library_system\x64\debug\library_system.exe
c:\users\vango\source\repos\library_system\x64\debug\library_system.pdb
c:\users\vango\source\repos\library_system\library_system\x64\debug\library_system.ilk
c:\users\vango\source\repos\library_system\library_system\x64\debug\library_system.tlog\cl.command.1.tlog
c:\users\vango\source\repos\library_system\library_system\x64\debug\library_system.tlog\cl.items.tlog
c:\users\vango\source\repos\library_system\library_system\x64\debug\library_system.tlog\cl.read.1.tlog
c:\users\vango\source\repos\library_system\library_system\x64\debug\library_system.tlog\cl.write.1.tlog
c:\users\vango\source\repos\library_system\library_system\x64\debug\library_system.tlog\link.command.1.tlog
c:\users\vango\source\repos\library_system\library_system\x64\debug\library_system.tlog\link.read.1.tlog
c:\users\vango\source\repos\library_system\library_system\x64\debug\library_system.tlog\link.secondary.1.tlog
c:\users\vango\source\repos\library_system\library_system\x64\debug\library_system.tlog\link.write.1.tlog
